<?xml version="1.0" encoding="UTF-8"?>
<!-- Generated by org.testng.reporters.JUnitReportReporter -->
<testsuite hostname="agilepc-47" failures="0" tests="2" name="TestCases.TestConvert" time="12.791" errors="0" timestamp="2022-10-27T00:55:33 IST" skipped="0">
  <testcase classname="TestCases.TestConvert" name="convert" time="2.295"/>
  <system-out/>
  <testcase classname="TestCases.TestConvert" name="data" time="10.496"/>
  <system-out/>
</testsuite> <!-- TestCases.TestConvert -->
